[12/31/15 16:07:58:87](main) INFO  - sPathXmlApplicationContext - Refreshing org.springframework.context.support.ClassPathXmlApplicationContext@881cb3: startup date [Thu Dec 31 16:07:58 ICT 2015]; root of context hierarchy
[12/31/15 16:07:58:147](main) INFO  - XmlBeanDefinitionReader    - Loading XML bean definitions from class path resource [applicationContext.xml]
[12/31/15 16:07:58:788](main) INFO  - XmlBeanDefinitionReader    - Loading XML bean definitions from class path resource [datasource.xml]
[12/31/15 16:07:58:945](main) INFO  - urcesPlaceholderConfigurer - Loading properties file from class path resource [app.properties]
[12/31/15 16:07:58:946](main) INFO  - urcesPlaceholderConfigurer - Loading properties file from class path resource [database.properties]
[12/31/15 16:07:59:320](main) INFO  - DriverManagerDataSource    - Loaded JDBC driver: oracle.jdbc.driver.OracleDriver
[12/31/15 16:07:59:337](main) INFO  - DriverManagerDataSource    - Loaded JDBC driver: oracle.jdbc.driver.OracleDriver
[12/31/15 16:07:59:918](main) INFO  - StdSchedulerFactory        - Using default implementation for ThreadExecutor
[12/31/15 16:07:59:948](main) INFO  - SchedulerSignalerImpl      - Initialized Scheduler Signaller of type: class org.quartz.core.SchedulerSignalerImpl
[12/31/15 16:07:59:948](main) INFO  - QuartzScheduler            - Quartz Scheduler v.2.2.2 created.
[12/31/15 16:07:59:950](main) INFO  - RAMJobStore                - RAMJobStore initialized.
[12/31/15 16:07:59:951](main) INFO  - QuartzScheduler            - Scheduler meta-data: Quartz Scheduler (v2.2.2) 'org.springframework.scheduling.quartz.SchedulerFactoryBean#0' with instanceId 'NON_CLUSTERED'
  Scheduler class: 'org.quartz.core.QuartzScheduler' - running locally.
  NOT STARTED.
  Currently in standby mode.
  Number of jobs executed: 0
  Using thread pool 'org.quartz.simpl.SimpleThreadPool' - with 10 threads.
  Using job-store 'org.quartz.simpl.RAMJobStore' - which does not support persistence. and is not clustered.

[12/31/15 16:07:59:952](main) INFO  - StdSchedulerFactory        - Quartz scheduler 'org.springframework.scheduling.quartz.SchedulerFactoryBean#0' initialized from an externally provided properties instance.
[12/31/15 16:07:59:952](main) INFO  - StdSchedulerFactory        - Quartz scheduler version: 2.2.2
[12/31/15 16:07:59:953](main) INFO  - QuartzScheduler            - JobFactory set to: org.springframework.scheduling.quartz.AdaptableJobFactory@18360d5
[12/31/15 16:07:59:969](main) INFO  - DefaultLifecycleProcessor  - Starting beans in phase 2147483647
[12/31/15 16:07:59:970](main) INFO  - SchedulerFactoryBean       - Starting Quartz Scheduler now
[12/31/15 16:07:59:970](main) INFO  - QuartzScheduler            - Scheduler org.springframework.scheduling.quartz.SchedulerFactoryBean#0_$_NON_CLUSTERED started.
[12/31/15 16:08:00:525](org.springframework.scheduling.quartz.SchedulerFactoryBean#0_Worker-1) DEBUG - JdbcTemplate               - Calling stored procedure [{call TCS_PCK_VOUCHERXLS.prc_export_tdpa(?)}]
[12/31/15 16:08:00:610](org.springframework.scheduling.quartz.SchedulerFactoryBean#0_Worker-1) DEBUG - JdbcTemplate               - CallableStatement.execute() returned 'false'
[12/31/15 16:08:00:610](org.springframework.scheduling.quartz.SchedulerFactoryBean#0_Worker-1) DEBUG - JdbcTemplate               - CallableStatement.getUpdateCount() returned -1
[12/31/15 16:08:00:710](org.springframework.scheduling.quartz.SchedulerFactoryBean#0_Worker-1) INFO  - Db2Excel                   - Creating workbook
[12/31/15 16:08:01:113](org.springframework.scheduling.quartz.SchedulerFactoryBean#0_Worker-1) INFO  - Db2Excel                   - Populating data
[12/31/15 16:08:02:36](org.springframework.scheduling.quartz.SchedulerFactoryBean#0_Worker-1) INFO  - DefaultTypeConverter       - Loaded 182 type converters
[12/31/15 16:08:02:37](org.springframework.scheduling.quartz.SchedulerFactoryBean#0_Worker-1) INFO  - Db2Excel                   - Writing data to OETAX311215_160802.xlsx
[12/31/15 16:08:02:306](org.springframework.scheduling.quartz.SchedulerFactoryBean#0_Worker-1) INFO  - Db2Excel                   - Excel written successfully to C:\
[12/31/15 16:08:05:39](org.springframework.scheduling.quartz.SchedulerFactoryBean#0_Worker-2) DEBUG - JdbcTemplate               - Calling stored procedure [{call TCS_PCK_VOUCHERXLS.prc_export_tdpa(?)}]
[12/31/15 16:08:05:41](org.springframework.scheduling.quartz.SchedulerFactoryBean#0_Worker-2) DEBUG - JdbcTemplate               - CallableStatement.execute() returned 'false'
[12/31/15 16:08:05:41](org.springframework.scheduling.quartz.SchedulerFactoryBean#0_Worker-2) DEBUG - JdbcTemplate               - CallableStatement.getUpdateCount() returned -1
[12/31/15 16:08:05:72](org.springframework.scheduling.quartz.SchedulerFactoryBean#0_Worker-2) INFO  - Db2Excel                   - Creating workbook
[12/31/15 16:08:05:74](org.springframework.scheduling.quartz.SchedulerFactoryBean#0_Worker-2) INFO  - Db2Excel                   - Populating data
[12/31/15 16:08:05:303](org.springframework.scheduling.quartz.SchedulerFactoryBean#0_Worker-2) INFO  - Db2Excel                   - Writing data to OETAX311215_160805.xlsx
[12/31/15 16:08:05:339](org.springframework.scheduling.quartz.SchedulerFactoryBean#0_Worker-2) INFO  - Db2Excel                   - Excel written successfully to C:\
[12/31/15 16:08:10:32](org.springframework.scheduling.quartz.SchedulerFactoryBean#0_Worker-3) DEBUG - JdbcTemplate               - Calling stored procedure [{call TCS_PCK_VOUCHERXLS.prc_export_tdpa(?)}]
[12/31/15 16:08:10:34](org.springframework.scheduling.quartz.SchedulerFactoryBean#0_Worker-3) DEBUG - JdbcTemplate               - CallableStatement.execute() returned 'false'
[12/31/15 16:08:10:34](org.springframework.scheduling.quartz.SchedulerFactoryBean#0_Worker-3) DEBUG - JdbcTemplate               - CallableStatement.getUpdateCount() returned -1
[12/31/15 16:08:10:61](org.springframework.scheduling.quartz.SchedulerFactoryBean#0_Worker-3) INFO  - Db2Excel                   - Creating workbook
[12/31/15 16:08:10:66](org.springframework.scheduling.quartz.SchedulerFactoryBean#0_Worker-3) INFO  - Db2Excel                   - Populating data
[12/31/15 16:08:10:238](org.springframework.scheduling.quartz.SchedulerFactoryBean#0_Worker-3) INFO  - Db2Excel                   - Writing data to OETAX311215_160810.xlsx
[12/31/15 16:08:10:253](org.springframework.scheduling.quartz.SchedulerFactoryBean#0_Worker-3) INFO  - Db2Excel                   - Excel written successfully to C:\
[12/31/15 16:08:15:33](org.springframework.scheduling.quartz.SchedulerFactoryBean#0_Worker-4) DEBUG - JdbcTemplate               - Calling stored procedure [{call TCS_PCK_VOUCHERXLS.prc_export_tdpa(?)}]
[12/31/15 16:08:15:36](org.springframework.scheduling.quartz.SchedulerFactoryBean#0_Worker-4) DEBUG - JdbcTemplate               - CallableStatement.execute() returned 'false'
[12/31/15 16:08:15:36](org.springframework.scheduling.quartz.SchedulerFactoryBean#0_Worker-4) DEBUG - JdbcTemplate               - CallableStatement.getUpdateCount() returned -1
[12/31/15 16:08:15:66](org.springframework.scheduling.quartz.SchedulerFactoryBean#0_Worker-4) INFO  - Db2Excel                   - Creating workbook
[12/31/15 16:08:15:68](org.springframework.scheduling.quartz.SchedulerFactoryBean#0_Worker-4) INFO  - Db2Excel                   - Populating data
[12/31/15 16:08:15:235](org.springframework.scheduling.quartz.SchedulerFactoryBean#0_Worker-4) INFO  - Db2Excel                   - Writing data to OETAX311215_160815.xlsx
[12/31/15 16:08:15:269](org.springframework.scheduling.quartz.SchedulerFactoryBean#0_Worker-4) INFO  - Db2Excel                   - Excel written successfully to C:\
